<?xml version="1.0" encoding="UTF-8"?>
<testsuite name="TestSuite" time="18.111" tests="11" errors="0" skipped="5" failures="1">
  <properties>
[...]
</properties>
  <testcase name="login" classname="com.cd.reddit.RedditTest" time="2.845"/>
  <testcase name="subredditsPopular" classname="com.cd.reddit.RedditTest" time="5.556"/>
  <testcase name="listingsFor" classname="com.cd.reddit.RedditTest" time="5.137">
    <failure type="java.lang.NullPointerException:">java.lang.NullPointerException: null
	at com.cd.reddit.RedditTest.listingsFor(RedditTest.java:189)
</failure>
    <system-out>

----------- TESTING LISTING FOR -----------


</system-out>
    <system-err>com.cd.reddit.RedditException: http://www.reddit.com/r/funny//top.json
	at com.cd.reddit.http.RedditRequestor.readResponse(RedditRequestor.java:118)
	at com.cd.reddit.http.RedditRequestor.executeGet(RedditRequestor.java:72)
	at com.cd.reddit.Reddit.listingFor(Reddit.java:173)
	at com.cd.reddit.RedditTest.listingsFor(RedditTest.java:184)
	at sun.reflect.NativeMethodAccessorImpl.invoke0(Native Method)
	at sun.reflect.NativeMethodAccessorImpl.invoke(NativeMethodAccessorImpl.java:62)
	at sun.reflect.DelegatingMethodAccessorImpl.invoke(DelegatingMethodAccessorImpl.java:43)
	at java.lang.reflect.Method.invoke(Method.java:483)
	at org.testng.internal.MethodInvocationHelper.invokeMethod(MethodInvocationHelper.java:80)
	at org.testng.internal.Invoker.invokeMethod(Invoker.java:673)
	at org.testng.internal.Invoker.invokeTestMethod(Invoker.java:842)
	at org.testng.internal.Invoker.invokeTestMethods(Invoker.java:1166)
	at org.testng.internal.TestMethodWorker.invokeTestMethods(TestMethodWorker.java:125)
	at org.testng.internal.TestMethodWorker.run(TestMethodWorker.java:109)
	at org.testng.TestRunner.runWorkers(TestRunner.java:1178)
	at org.testng.TestRunner.privateRun(TestRunner.java:757)
	at org.testng.TestRunner.run(TestRunner.java:608)
	at org.testng.SuiteRunner.runTest(SuiteRunner.java:334)
	at org.testng.SuiteRunner.runSequentially(SuiteRunner.java:329)
	at org.testng.SuiteRunner.privateRun(SuiteRunner.java:291)
	at org.testng.SuiteRunner.run(SuiteRunner.java:240)
	at org.testng.SuiteRunnerWorker.runSuite(SuiteRunnerWorker.java:52)
	at org.testng.SuiteRunnerWorker.run(SuiteRunnerWorker.java:86)
	at org.testng.TestNG.runSuitesSequentially(TestNG.java:1158)
	at org.testng.TestNG.runSuitesLocally(TestNG.java:1083)
	at org.testng.TestNG.run(TestNG.java:999)
	at org.apache.maven.surefire.testng.TestNGExecutor.run(TestNGExecutor.java:69)
	at org.apache.maven.surefire.testng.TestNGDirectoryTestSuite.executeMulti(TestNGDirectoryTestSuite.java:181)
	at org.apache.maven.surefire.testng.TestNGDirectoryTestSuite.execute(TestNGDirectoryTestSuite.java:99)
	at org.apache.maven.surefire.testng.TestNGProvider.invoke(TestNGProvider.java:113)
	at org.apache.maven.surefire.booter.ForkedBooter.invokeProviderInSameClassLoader(ForkedBooter.java:200)
	at org.apache.maven.surefire.booter.ForkedBooter.runSuitesInProcess(ForkedBooter.java:153)
	at org.apache.maven.surefire.booter.ForkedBooter.main(ForkedBooter.java:103)
Caused by: java.io.FileNotFoundException: http://www.reddit.com/r/funny//top.json
	at sun.net.www.protocol.http.HttpURLConnection.getInputStream0(HttpURLConnection.java:1834)
	at sun.net.www.protocol.http.HttpURLConnection.getInputStream(HttpURLConnection.java:1439)
	at com.cd.reddit.http.RedditRequestor.readResponse(RedditRequestor.java:105)
	... 32 more
</system-err>
  </testcase>
  <testcase name="commentsForAndMore" classname="com.cd.reddit.RedditTest" time="0">
    <skipped/>
  </testcase>
  <testcase name="commentAndDelete" classname="com.cd.reddit.RedditTest" time="0">
    <skipped/>
  </testcase>
  <testcase name="testMarkNSFW" classname="com.cd.reddit.RedditTest" time="0.545"/>
  <testcase name="testMeJson" classname="com.cd.reddit.RedditTest" time="0">
    <skipped/>
  </testcase>
  <testcase name="testUnmarkNSFW" classname="com.cd.reddit.RedditTest" time="1.782"/>
  <testcase name="testUserInfoFor" classname="com.cd.reddit.RedditTest" time="0">
    <skipped/>
  </testcase>
  <testcase name="vote" classname="com.cd.reddit.RedditTest" time="0">
    <skipped/>
  </testcase>
  <testcase name="newCaptcha" classname="com.cd.reddit.RedditTest" time="2.246"/>
</testsuite>